!SESSION 2015-08-06 12:04:22.521 -----------------------------------------------
eclipse.buildId=unknown
java.version=1.8.0_40
java.vendor=Oracle Corporation
BootLoader constants: OS=macosx, ARCH=x86_64, WS=cocoa, NL=en_US
Framework arguments:  -application org.eclipse.e4.ui.workbench.swt.E4Application
Command-line arguments:  -application org.eclipse.e4.ui.workbench.swt.E4Application -data /Users/resul/Development/MDD/../runtime-ECPViewModelEditor -dev file:/Users/resul/Development/MDD/.metadata/.plugins/org.eclipse.pde.core/New_configuration/dev.properties -os macosx -ws cocoa -arch x86_64 -consoleLog

!ENTRY org.eclipse.osgi 4 0 2015-08-06 12:04:25.328
!MESSAGE Application error
!STACK 1
java.lang.NullPointerException
	at org.eclipse.emf.common.util.URI$URIPool$PlatformAccessUnit.setValue(URI.java:865)
	at org.eclipse.emf.common.util.URI$URIPool.intern(URI.java:1949)
	at org.eclipse.emf.common.util.URI.createPlatformPluginURI(URI.java:2718)
	at org.eclipse.e4.ui.internal.workbench.swt.E4Application.determineApplicationModelURI(E4Application.java:426)
	at org.eclipse.e4.ui.internal.workbench.swt.E4Application.loadApplicationModel(E4Application.java:350)
	at org.eclipse.e4.ui.internal.workbench.swt.E4Application.createE4Workbench(E4Application.java:254)
	at org.eclipse.e4.ui.internal.workbench.swt.E4Application.start(E4Application.java:145)
	at org.eclipse.equinox.internal.app.EclipseAppHandle.run(EclipseAppHandle.java:196)
	at org.eclipse.core.runtime.internal.adaptor.EclipseAppLauncher.runApplication(EclipseAppLauncher.java:134)
	at org.eclipse.core.runtime.internal.adaptor.EclipseAppLauncher.start(EclipseAppLauncher.java:104)
	at org.eclipse.core.runtime.adaptor.EclipseStarter.run(EclipseStarter.java:380)
	at org.eclipse.core.runtime.adaptor.EclipseStarter.run(EclipseStarter.java:235)
	at sun.reflect.NativeMethodAccessorImpl.invoke0(Native Method)
	at sun.reflect.NativeMethodAccessorImpl.invoke(NativeMethodAccessorImpl.java:62)
	at sun.reflect.DelegatingMethodAccessorImpl.invoke(DelegatingMethodAccessorImpl.java:43)
	at java.lang.reflect.Method.invoke(Method.java:497)
	at org.eclipse.equinox.launcher.Main.invokeFramework(Main.java:669)
	at org.eclipse.equinox.launcher.Main.basicRun(Main.java:608)
	at org.eclipse.equinox.launcher.Main.run(Main.java:1515)
	at org.eclipse.equinox.launcher.Main.main(Main.java:1488)
